c:\users\deadm\source\repos\epam\epamlab6\epamlab6\debug\vc142.pdb
c:\users\deadm\source\repos\epam\epamlab6\epamlab6\debug\vc142.idb
c:\users\deadm\source\repos\epam\epamlab6\epamlab6\debug\main.obj
c:\users\deadm\source\repos\epam\epamlab6\epamlab6\debug\lambda.obj
c:\users\deadm\source\repos\epam\epamlab6\debug\epamlab6.pdb
c:\users\deadm\source\repos\epam\epamlab6\epamlab6\debug\epamlab6.tlog\cl.command.1.tlog
c:\users\deadm\source\repos\epam\epamlab6\epamlab6\debug\epamlab6.tlog\cl.read.1.tlog
c:\users\deadm\source\repos\epam\epamlab6\epamlab6\debug\epamlab6.tlog\cl.write.1.tlog
c:\users\deadm\source\repos\epam\epamlab6\epamlab6\debug\epamlab6.tlog\link-cvtres.read.1.tlog
c:\users\deadm\source\repos\epam\epamlab6\epamlab6\debug\epamlab6.tlog\link-cvtres.write.1.tlog
c:\users\deadm\source\repos\epam\epamlab6\epamlab6\debug\epamlab6.tlog\link-rc.read.1.tlog
c:\users\deadm\source\repos\epam\epamlab6\epamlab6\debug\epamlab6.tlog\link-rc.write.1.tlog
c:\users\deadm\source\repos\epam\epamlab6\epamlab6\debug\epamlab6.tlog\link.18780-cvtres.read.1.tlog
c:\users\deadm\source\repos\epam\epamlab6\epamlab6\debug\epamlab6.tlog\link.18780-cvtres.write.1.tlog
c:\users\deadm\source\repos\epam\epamlab6\epamlab6\debug\epamlab6.tlog\link.18780-rc.read.1.tlog
c:\users\deadm\source\repos\epam\epamlab6\epamlab6\debug\epamlab6.tlog\link.18780-rc.write.1.tlog
c:\users\deadm\source\repos\epam\epamlab6\epamlab6\debug\epamlab6.tlog\link.18780.read.1.tlog
c:\users\deadm\source\repos\epam\epamlab6\epamlab6\debug\epamlab6.tlog\link.18780.write.1.tlog
c:\users\deadm\source\repos\epam\epamlab6\epamlab6\debug\epamlab6.tlog\link.command.1.tlog
c:\users\deadm\source\repos\epam\epamlab6\epamlab6\debug\epamlab6.tlog\link.read.1.tlog
c:\users\deadm\source\repos\epam\epamlab6\epamlab6\debug\epamlab6.tlog\link.write.1.tlog
